<?xml version="1.0" encoding="UTF-8"?>
<!-- Generated by org.testng.reporters.JUnitReportReporter -->
<testsuite skipped="0" hostname="DESKTOP-U4D2V5Q" name="Project_TestNG.AutomationTestNG" tests="1" failures="0" timestamp="2022-02-11T06:41:37 ICT" time="4.773" errors="0">
  <testcase name="TC1" time="4.773" classname="Project_TestNG.AutomationTestNG"/>
  <system-out/>
</testsuite> <!-- Project_TestNG.AutomationTestNG -->
