<?xml version="1.0" encoding="UTF-8"?>
<!-- Generated by org.testng.reporters.JUnitReportReporter -->
<testsuite hostname="hhhoa" failures="0" tests="1" name="Project_TestNG.AutomationTestNG" time="44.656" errors="0" timestamp="2022-03-10T15:35:12 ICT" skipped="0">
  <testcase classname="Project_TestNG.AutomationTestNG" name="TC2" time="44.656"/>
  <system-out/>
</testsuite> <!-- Project_TestNG.AutomationTestNG -->
